This is pdfTeX, Version 3.14159265-2.6-1.40.16 (TeX Live 2015/Debian) (preloaded format=pdflatex 2017.9.8)  20 SEP 2017 16:59
entering extended mode
 restricted \write18 enabled.
 file:line:error style messages enabled.
 %&-line parsing enabled.
**\input Event_Coder_Manual.tex
(./Event_Coder_Manual.tex
(/usr/share/texlive/texmf-dist/tex/latex/memoir/memoir.cls
Document Class: memoir 2015/07/08 v3.7e configurable book, report, article docu
ment class
\onelineskip=\skip41
\lxvchars=\skip42
\xlvchars=\skip43
\@memcnta=\count79
\c@@memmarkcntra=\count80
(/usr/share/texlive/texmf-dist/tex/generic/oberdiek/ifpdf.sty
Package: ifpdf 2011/01/30 v2.3 Provides the ifpdf switch (HO)
Package ifpdf Info: pdfTeX in PDF mode is detected.
)
(/usr/share/texlive/texmf-dist/tex/latex/ifetex/ifetex.sty
Package: ifetex 2011/12/15 v1.2 ifetex

(/usr/share/texlive/texmf-dist/tex/plain/ifetex/ifetex.tex))
(/usr/share/texlive/texmf-dist/tex/generic/ifxetex/ifxetex.sty
Package: ifxetex 2010/09/12 v0.6 Provides ifxetex conditional
)
(/usr/share/texlive/texmf-dist/tex/generic/oberdiek/ifluatex.sty
Package: ifluatex 2010/03/01 v1.3 Provides the ifluatex switch (HO)
Package ifluatex Info: LuaTeX not detected.
)
\stockheight=\skip44
\stockwidth=\skip45
\trimtop=\skip46
\trimedge=\skip47

(/usr/share/texlive/texmf-dist/tex/latex/memoir/mem10.clo
File: mem10.clo 2008/01/30 v0.3 memoir class 10pt size option
)
\binding=\skip48
\spinemargin=\skip49
\foremargin=\skip50
\uppermargin=\skip51
\lowermargin=\skip52
\headdrop=\skip53
\normalrulethickness=\skip54
\mem@maxheadheight=\skip55
\mem@maxfootheight=\skip56
\headwidth=\skip57
\c@storedpagenumber=\count81
\memPD=\dimen102
\m@mabparskip=\skip58
\thanksmarkwidth=\skip59
\thanksmarksep=\skip60
\droptitle=\skip61
\c@book=\count82
\c@part=\count83
\c@chapter=\count84
\c@section=\count85
\c@subsection=\count86
\c@subsubsection=\count87
\c@paragraph=\count88
\c@subparagraph=\count89
\beforechapskip=\skip62
\midchapskip=\skip63
\afterchapskip=\skip64
\chapindent=\skip65
\bottomsectionskip=\skip66
\secindent=\skip67
\beforesecskip=\skip68
\aftersecskip=\skip69
\subsecindent=\skip70
\beforesubsecskip=\skip71
\aftersubsecskip=\skip72
\subsubsecindent=\skip73
\beforesubsubsecskip=\skip74
\aftersubsubsecskip=\skip75
\paraindent=\skip76
\beforeparaskip=\skip77
\afterparaskip=\skip78
\subparaindent=\skip79
\beforesubparaskip=\skip80
\aftersubparaskip=\skip81
\pfbreakskip=\skip82
\c@@ppsavesec=\count90
\c@@ppsaveapp=\count91
\ragrparindent=\dimen103
\everylistparindent=\dimen104
\parsepi=\skip83
\topsepi=\skip84
\itemsepi=\skip85
\parsepii=\skip86
\topsepii=\skip87
\topsepiii=\skip88
\itemsepii=\skip89
\itemsepiii=\skip90
\partopsepii=\skip91
\partopsepiii=\skip92
\m@msavetopsep=\skip93
\m@msavepartopsep=\skip94
\@enLab=\toks14
\abstitleskip=\skip95
\absleftindent=\skip96
\abs@leftindent=\dimen105
\absrightindent=\skip97
\absparindent=\skip98
\absparsep=\skip99
\c@vslineno=\count92
\c@poemline=\count93
\c@modulo@vs=\count94
\c@memfvsline=\count95
\vleftskip=\skip100
\vrightskip=\skip101
\stanzaskip=\skip102
\versewidth=\skip103
\vgap=\skip104
\vindent=\skip105
\vleftmargin=\dimen106
\c@verse=\count96
\c@chrsinstr=\count97
\beforepoemtitleskip=\skip106
\afterpoemtitleskip=\skip107
\c@poem=\count98
\beforePoemTitleskip=\skip108
\midPoemTitleskip=\skip109
\afterPoemTitleskip=\skip110
\col@sep=\dimen107
\extrarowheight=\dimen108
\NC@list=\toks15
\extratabsurround=\skip111
\backup@length=\skip112
\TX@col@width=\dimen109
\TX@old@table=\dimen110
\TX@old@col=\dimen111
\TX@target=\dimen112
\TX@delta=\dimen113
\TX@cols=\count99
\TX@ftn=\toks16
\heavyrulewidth=\dimen114
\lightrulewidth=\dimen115
\cmidrulewidth=\dimen116
\belowrulesep=\dimen117
\belowbottomsep=\dimen118
\aboverulesep=\dimen119
\abovetopsep=\dimen120
\cmidrulesep=\dimen121
\cmidrulekern=\dimen122
\defaultaddspace=\dimen123
\@cmidla=\count100
\@cmidlb=\count101
\@aboverulesep=\dimen124
\@belowrulesep=\dimen125
\@thisruleclass=\count102
\@lastruleclass=\count103
\@thisrulewidth=\dimen126
\ctableftskip=\skip113
\ctabrightskip=\skip114
\abovecolumnspenalty=\count104
\@linestogo=\count105
\@cellstogo=\count106
\@cellsincolumn=\count107
\crtok=\toks17
\@mincolumnwidth=\dimen127
\c@newflo@tctr=\count108
\mem@margin@floatbox=\box26
\@contcwidth=\skip115
\@contindw=\skip116
\abovecaptionskip=\skip117
\belowcaptionskip=\skip118
\subfloattopskip=\skip119
\subfloatcapskip=\skip120
\subfloatcaptopadj=\skip121
\subfloatbottomskip=\skip122
\subfloatlabelskip=\skip123
\subfloatcapmargin=\dimen128
\c@@contsubnum=\count109
\m@mscap@capbox=\box27
\m@mscap@fbox=\box28
\sidecapsep=\dimen129
\sidecapwidth=\dimen130
\m@m@tempdima=\dimen131
\m@mscapraise=\dimen132
\sidecapraise=\dimen133
\m@mscapmainwidth=\dimen134
\m@mscaplkern=\dimen135
\beforeepigraphskip=\skip124
\afterepigraphskip=\skip125
\epigraphwidth=\skip126
\epigraphrule=\skip127
LaTeX Info: Redefining \em on input line 7535.
LaTeX Info: Redefining \emph on input line 7543.
\tocentryskip=\skip128
\tocbaseline=\skip129
\cftparskip=\skip130
\cftbeforebookskip=\skip131
\cftbookindent=\dimen136
\cftbooknumwidth=\dimen137
\cftbeforepartskip=\skip132
\cftpartindent=\skip133
\cftpartnumwidth=\skip134
\cftbeforechapterskip=\skip135
\cftchapterindent=\skip136
\cftchapternumwidth=\skip137
\cftbeforesectionskip=\skip138
\cftsectionindent=\skip139
\cftsectionnumwidth=\skip140
\cftbeforesubsectionskip=\skip141
\cftsubsectionindent=\skip142
\cftsubsectionnumwidth=\skip143
\cftbeforesubsubsectionskip=\skip144
\cftsubsubsectionindent=\skip145
\cftsubsubsectionnumwidth=\skip146
\cftbeforeparagraphskip=\skip147
\cftparagraphindent=\skip148
\cftparagraphnumwidth=\skip149
\cftbeforesubparagraphskip=\skip150
\cftsubparagraphindent=\skip151
\cftsubparagraphnumwidth=\skip152
\prechapterprecisshift=\dimen138
\c@maxsecnumdepth=\count110
\bibindent=\dimen139
\bibitemsep=\skip153
\indexcolsep=\skip154
\indexrule=\skip155
\indexmarkstyle=\toks18
\@indexbox=\insert199
\glossarycolsep=\dimen140
\glossaryrule=\dimen141
\sideparvshift=\skip156
\sideins=\insert198
\sidebartopsep=\skip157
\sidebarhsep=\skip158
\sidebarvsep=\skip159
\sidebarwidth=\skip160
\footmarkwidth=\skip161
\footmarksep=\skip162
\footparindent=\skip163
\footinsdim=\skip164
\footinsv@r=\insert197
\@mpfootinsv@r=\insert196
\m@m@k=\count111
\m@m@h=\dimen142
\m@mipn@skip=\skip165
\sidefootins=\insert195
\sidefootadjust=\skip166
\sidefootheight=\skip167
\sidefoothsep=\skip168
\sidefootvsep=\skip169
\sidefootwidth=\skip170
\m@mdownsf=\skip171
\c@sidefootnote=\count112
\sidefootmarkwidth=\skip172
\sidefootmarksep=\skip173
\sidefootparindent=\skip174
\c@pagenote=\count113
\c@pagenoteshadow=\count114
\mem@pn@lastkern=\skip175
\every@verbatim=\toks19
\afterevery@verbatim=\toks20
\verbatim@line=\toks21
\tab@position=\count115
\verbatim@in@stream=\read1
\verbatimindent=\skip176
\verbatim@out=\write3
\bvboxsep=\skip177
\c@memfbvline=\count116
\c@bvlinectr=\count117
\bvnumlength=\skip178
\fb@frw=\dimen143
\fb@frh=\dimen144
\FrameRule=\dimen145
\FrameSep=\dimen146
\c@cp@cntr=\count118
LaTeX Info: Redefining \: on input line 12052.
LaTeX Info: Redefining \! on input line 12054.
\c@ism@mctr=\count119
\c@xsm@mctr=\count120
\c@csm@mctr=\count121
\c@ksm@mctr=\count122
\c@xksm@mctr=\count123
\c@cksm@mctr=\count124
\c@msm@mctr=\count125
\c@xmsm@mctr=\count126
\c@cmsm@mctr=\count127
\c@bsm@mctr=\count128
\c@workm@mctr=\count129
\c@sheetsequence=\count130
\c@lastsheet=\count131
\c@lastpage=\count132
\c@figure=\count133
\c@lofdepth=\count134
\cftbeforefigureskip=\skip179
\cftfigureindent=\skip180
\cftfigurenumwidth=\skip181
\c@table=\count135
\c@lotdepth=\count136
\cftbeforetableskip=\skip182
\cfttableindent=\skip183
\cfttablenumwidth=\skip184
Package abstract [2008/07/23] emulated by memoir.
Package appendix [2008/07/23] emulated by memoir.
Package array [2008/09/09] emulated by memoir.
Package booktabs [2008/07/23] emulated by memoir.
Package ccaption [2008/07/23] emulated by memoir.
Package changepage [2008/07/23] emulated by memoir.
Package chngcntr [2008/07/23] emulated by memoir.
Package chngpage [2008/07/23] emulated by memoir.
Package crop emulated by memoir.
Package dcolumn [2008/07/23] emulated by memoir.
Package delarray [2008/07/23] emulated by memoir.
Package enumerate [2008/07/23] emulated by memoir.
Package epigraph [2008/07/23] emulated by memoir.
Package ifmtarg [2008/07/23] emulated by memoir.
Package index [2008/07/23] emulated by memoir.
Package makeidx [2008/07/23] emulated by memoir.
Package moreverb [2008/07/23] emulated by memoir.
Package mparhack [2008/07/23] emulated by memoir.
Package needspace [2008/07/23] emulated by memoir.
Package newfile [2008/07/23] emulated by memoir.
Package nextpage [2008/07/23] emulated by memoir.
Package pagenote [2008/07/23] emulated by memoir.
Package parskip [2008/07/23] emulated by memoir.
Package patchcmd [2008/07/23] emulated by memoir.
Package setspace [2008/07/23] emulated by memoir.
Package shortvrb [2008/07/23] emulated by memoir.
Package showidx [2008/07/23] emulated by memoir.
Package tabularx [2008/07/23] emulated by memoir.
Package titleref [2008/07/23] emulated by memoir.
Package titling [2008/07/23] emulated by memoir.
Package tocbibind [2008/07/23] emulated by memoir.
Package tocloft [2008/07/23] emulated by memoir.
Package tocvsec2 [2008/07/23] emulated by memoir.
Package verbatim [2008/07/23] emulated by memoir.
Package verse [2008/07/23] emulated by memoir.

(/usr/share/texlive/texmf-dist/tex/latex/memoir/mempatch.sty
Package: mempatch 2009/07/24 v6.0f Patches for memoir class v1.6180339
))
(/usr/share/texlive/texmf-dist/tex/latex/xcolor/xcolor.sty
Package: xcolor 2007/01/21 v2.11 LaTeX color extensions (UK)

(/usr/share/texlive/texmf-dist/tex/latex/latexconfig/color.cfg
File: color.cfg 2007/01/18 v1.5 color configuration of teTeX/TeXLive
)
Package xcolor Info: Driver file: pdftex.def on input line 225.

(/usr/share/texlive/texmf-dist/tex/latex/pdftex-def/pdftex.def
File: pdftex.def 2011/05/27 v0.06d Graphics/color for pdfTeX

(/usr/share/texlive/texmf-dist/tex/generic/oberdiek/infwarerr.sty
Package: infwarerr 2010/04/08 v1.3 Providing info/warning/error messages (HO)
)
(/usr/share/texlive/texmf-dist/tex/generic/oberdiek/ltxcmds.sty
Package: ltxcmds 2011/11/09 v1.22 LaTeX kernel commands for general use (HO)
)
\Gread@gobject=\count137
)
Package xcolor Info: Model `cmy' substituted by `cmy0' on input line 1337.
Package xcolor Info: Model `hsb' substituted by `rgb' on input line 1341.
Package xcolor Info: Model `RGB' extended on input line 1353.
Package xcolor Info: Model `HTML' substituted by `rgb' on input line 1355.
Package xcolor Info: Model `Hsb' substituted by `hsb' on input line 1356.
Package xcolor Info: Model `tHsb' substituted by `hsb' on input line 1357.
Package xcolor Info: Model `HSB' substituted by `hsb' on input line 1358.
Package xcolor Info: Model `Gray' substituted by `gray' on input line 1359.
Package xcolor Info: Model `wave' substituted by `hsb' on input line 1360.
)
(/usr/share/texlive/texmf-dist/tex/latex/hyperref/hyperref.sty
Package: hyperref 2012/11/06 v6.83m Hypertext links for LaTeX

(/usr/share/texlive/texmf-dist/tex/generic/oberdiek/hobsub-hyperref.sty
Package: hobsub-hyperref 2012/05/28 v1.13 Bundle oberdiek, subset hyperref (HO)


(/usr/share/texlive/texmf-dist/tex/generic/oberdiek/hobsub-generic.sty
Package: hobsub-generic 2012/05/28 v1.13 Bundle oberdiek, subset generic (HO)
Package: hobsub 2012/05/28 v1.13 Construct package bundles (HO)
Package hobsub Info: Skipping package `infwarerr' (already loaded).
Package hobsub Info: Skipping package `ltxcmds' (already loaded).
Package hobsub Info: Skipping package `ifluatex' (already loaded).
Package: ifvtex 2010/03/01 v1.5 Detect VTeX and its facilities (HO)
Package ifvtex Info: VTeX not detected.
Package: intcalc 2007/09/27 v1.1 Expandable calculations with integers (HO)
Package hobsub Info: Skipping package `ifpdf' (already loaded).
Package: etexcmds 2011/02/16 v1.5 Avoid name clashes with e-TeX commands (HO)
Package etexcmds Info: Could not find \expanded.
(etexcmds)             That can mean that you are not using pdfTeX 1.50 or
(etexcmds)             that some package has redefined \expanded.
(etexcmds)             In the latter case, load this package earlier.
Package: kvsetkeys 2012/04/25 v1.16 Key value parser (HO)
Package: kvdefinekeys 2011/04/07 v1.3 Define keys (HO)
Package: pdftexcmds 2011/11/29 v0.20 Utility functions of pdfTeX for LuaTeX (HO
)
Package pdftexcmds Info: LuaTeX not detected.
Package pdftexcmds Info: \pdf@primitive is available.
Package pdftexcmds Info: \pdf@ifprimitive is available.
Package pdftexcmds Info: \pdfdraftmode found.
Package: pdfescape 2011/11/25 v1.13 Implements pdfTeX's escape features (HO)
Package: bigintcalc 2012/04/08 v1.3 Expandable calculations on big integers (HO
)
Package: bitset 2011/01/30 v1.1 Handle bit-vector datatype (HO)
Package: uniquecounter 2011/01/30 v1.2 Provide unlimited unique counter (HO)
)
Package hobsub Info: Skipping package `hobsub' (already loaded).
Package: letltxmacro 2010/09/02 v1.4 Let assignment for LaTeX macros (HO)
Package: hopatch 2012/05/28 v1.2 Wrapper for package hooks (HO)
Package: xcolor-patch 2011/01/30 xcolor patch
Package: atveryend 2011/06/30 v1.8 Hooks at the very end of document (HO)
Package atveryend Info: \enddocument detected (standard20110627).
Package: atbegshi 2011/10/05 v1.16 At begin shipout hook (HO)
Package: refcount 2011/10/16 v3.4 Data extraction from label references (HO)
Package: hycolor 2011/01/30 v1.7 Color options for hyperref/bookmark (HO)
)
(/usr/share/texlive/texmf-dist/tex/latex/graphics/keyval.sty
Package: keyval 2014/10/28 v1.15 key=value parser (DPC)
\KV@toks@=\toks22
)
(/usr/share/texlive/texmf-dist/tex/latex/oberdiek/auxhook.sty
Package: auxhook 2011/03/04 v1.3 Hooks for auxiliary files (HO)
)
(/usr/share/texlive/texmf-dist/tex/latex/oberdiek/kvoptions.sty
Package: kvoptions 2011/06/30 v3.11 Key value format for package options (HO)
)
\@linkdim=\dimen147
\Hy@linkcounter=\count138
\Hy@pagecounter=\count139

(/usr/share/texlive/texmf-dist/tex/latex/hyperref/pd1enc.def
File: pd1enc.def 2012/11/06 v6.83m Hyperref: PDFDocEncoding definition (HO)
)
\Hy@SavedSpaceFactor=\count140

(/usr/share/texlive/texmf-dist/tex/latex/latexconfig/hyperref.cfg
File: hyperref.cfg 2002/06/06 v1.2 hyperref configuration of TeXLive
)
Package hyperref Info: Hyper figures OFF on input line 4443.
Package hyperref Info: Link nesting OFF on input line 4448.
Package hyperref Info: Hyper index ON on input line 4451.
Package hyperref Info: Plain pages OFF on input line 4458.
Package hyperref Info: Backreferencing OFF on input line 4463.
Package hyperref Info: Implicit mode ON; LaTeX internals redefined.
Package hyperref Info: Bookmarks ON on input line 4688.
\c@Hy@tempcnt=\count141

(/usr/share/texlive/texmf-dist/tex/latex/url/url.sty
\Urlmuskip=\muskip10
Package: url 2013/09/16  ver 3.4  Verb mode for urls, etc.
)
LaTeX Info: Redefining \url on input line 5041.
\XeTeXLinkMargin=\dimen148
\Fld@menulength=\count142
\Field@Width=\dimen149
\Fld@charsize=\dimen150
Package hyperref Info: Hyper figures OFF on input line 6295.
Package hyperref Info: Link nesting OFF on input line 6300.
Package hyperref Info: Hyper index ON on input line 6303.
Package hyperref Info: backreferencing OFF on input line 6310.
Package hyperref Info: Link coloring OFF on input line 6315.
Package hyperref Info: Link coloring with OCG OFF on input line 6320.
Package hyperref Info: PDF/A mode OFF on input line 6325.
LaTeX Info: Redefining \ref on input line 6365.
LaTeX Info: Redefining \pageref on input line 6369.
\Hy@abspage=\count143
\c@Item=\count144
\c@Hfootnote=\count145
)
(/usr/share/texlive/texmf-dist/tex/latex/memoir/memhfixc.sty
Package: memhfixc 2013/05/30 v1.17 nameref/hyperref package fixes for memoir cl
ass
\c@memhycontfloat=\count146
\c@Hpagenote=\count147
)

Package hyperref Message: Driver (autodetected): hpdftex.

(/usr/share/texlive/texmf-dist/tex/latex/hyperref/hpdftex.def
File: hpdftex.def 2012/11/06 v6.83m Hyperref driver for pdfTeX
\Fld@listcount=\count148
\c@bookmark@seq@number=\count149

(/usr/share/texlive/texmf-dist/tex/latex/oberdiek/rerunfilecheck.sty
Package: rerunfilecheck 2011/04/15 v1.7 Rerun checks for auxiliary files (HO)
Package uniquecounter Info: New unique counter `rerunfilecheck' on input line 2
82.
)
\Hy@SectionHShift=\skip185
)
(/usr/share/texlive/texmf-dist/tex/latex/graphics/graphicx.sty
Package: graphicx 2014/10/28 v1.0g Enhanced LaTeX Graphics (DPC,SPQR)

(/usr/share/texlive/texmf-dist/tex/latex/graphics/graphics.sty
Package: graphics 2016/01/03 v1.0q Standard LaTeX Graphics (DPC,SPQR)

(/usr/share/texlive/texmf-dist/tex/latex/graphics/trig.sty
Package: trig 2016/01/03 v1.10 sin cos tan (DPC)
)
(/usr/share/texlive/texmf-dist/tex/latex/latexconfig/graphics.cfg
File: graphics.cfg 2010/04/23 v1.9 graphics configuration of TeX Live
)
Package graphics Info: Driver file: pdftex.def on input line 95.
)
\Gin@req@height=\dimen151
\Gin@req@width=\dimen152
)
(/usr/share/texlive/texmf-dist/tex/latex/enumitem/enumitem.sty
Package: enumitem 2011/09/28 v3.5.2 Customized lists
\labelindent=\skip186
\enit@outerparindent=\dimen153
\enit@toks=\toks23
\enit@inbox=\box29
\enitdp@description=\count150
)
(/usr/share/texlive/texmf-dist/tex/latex/framed/framed.sty
Package: framed 2011/10/22 v 0.96: framed or shaded text with page breaks
\OuterFrameSep=\skip187
\fb@frw=\dimen154
\fb@frh=\dimen155
)
(/usr/share/texlive/texmf-dist/tex/latex/base/fontenc.sty
Package: fontenc 2005/09/27 v1.99g Standard LaTeX package

(/usr/share/texlive/texmf-dist/tex/latex/base/t1enc.def
File: t1enc.def 2005/09/27 v1.99g Standard LaTeX file
LaTeX Font Info:    Redeclaring font encoding T1 on input line 48.
))
Package hyperref Info: Option `colorlinks' set `true' on input line 22.

(./Event_Coder_Manual.aux)
\openout1 = `Event_Coder_Manual.aux'.

LaTeX Font Info:    Checking defaults for OML/cmm/m/it on input line 30.
LaTeX Font Info:    ... okay on input line 30.
LaTeX Font Info:    Checking defaults for T1/cmr/m/n on input line 30.
LaTeX Font Info:    ... okay on input line 30.
LaTeX Font Info:    Checking defaults for OT1/cmr/m/n on input line 30.
LaTeX Font Info:    ... okay on input line 30.
LaTeX Font Info:    Checking defaults for OMS/cmsy/m/n on input line 30.
LaTeX Font Info:    ... okay on input line 30.
LaTeX Font Info:    Checking defaults for OMX/cmex/m/n on input line 30.
LaTeX Font Info:    ... okay on input line 30.
LaTeX Font Info:    Checking defaults for U/cmr/m/n on input line 30.
LaTeX Font Info:    ... okay on input line 30.
LaTeX Font Info:    Checking defaults for PD1/pdf/m/n on input line 30.
LaTeX Font Info:    ... okay on input line 30.

(/usr/share/texlive/texmf-dist/tex/context/base/supp-pdf.mkii
[Loading MPS to PDF converter (version 2006.09.02).]
\scratchcounter=\count151
\scratchdimen=\dimen156
\scratchbox=\box30
\nofMPsegments=\count152
\nofMParguments=\count153
\everyMPshowfont=\toks24
\MPscratchCnt=\count154
\MPscratchDim=\dimen157
\MPnumerator=\count155
\makeMPintoPDFobject=\count156
\everyMPtoPDFconversion=\toks25
)
\AtBeginShipoutBox=\box31
Package hyperref Info: Link coloring ON on input line 30.
 (/usr/share/texlive/texmf-dist/tex/latex/hyperref/nameref.sty
Package: nameref 2012/10/27 v2.43 Cross-referencing by name of section

(/usr/share/texlive/texmf-dist/tex/generic/oberdiek/gettitlestring.sty
Package: gettitlestring 2010/12/03 v1.4 Cleanup title references (HO)
)
\c@section@level=\count157
)
Redoing nameref's sectioning
Redoing nameref's label
LaTeX Info: Redefining \nameref on input line 30.
LaTeX Info: Redefining \ref on input line 30.
LaTeX Info: Redefining \pageref on input line 30.
LaTeX Info: Redefining \nameref on input line 30.
(./Event_Coder_Manual.out) (./Event_Coder_Manual.out)
\@outlinefile=\write4
\openout4 = `Event_Coder_Manual.out'.


(/usr/share/texlive/texmf-dist/tex/latex/oberdiek/epstopdf-base.sty
Package: epstopdf-base 2010/02/09 v2.5 Base part for package epstopdf

(/usr/share/texlive/texmf-dist/tex/latex/oberdiek/grfext.sty
Package: grfext 2010/08/19 v1.1 Manage graphics extensions (HO)
)
Package grfext Info: Graphics extension search list:
(grfext)             [.png,.pdf,.jpg,.mps,.jpeg,.jbig2,.jb2,.PNG,.PDF,.JPG,.JPE
G,.JBIG2,.JB2,.eps]
(grfext)             \AppendGraphicsExtensions on input line 452.

(/usr/share/texlive/texmf-dist/tex/latex/latexconfig/epstopdf-sys.cfg
File: epstopdf-sys.cfg 2010/07/13 v1.3 Configuration of (r)epstopdf for TeX Liv
e
))
LaTeX Font Info:    External font `cmex10' loaded for size
(Font)              <7> on input line 50.
LaTeX Font Info:    External font `cmex10' loaded for size
(Font)              <5> on input line 50.

[1

{/var/lib/texmf/fonts/map/pdftex/updmap/pdftex.map}] [2

]
(./Event_Coder_Manual.toc)pdfTeX warning (ext4): destination with the same iden
tifier (name{page.1}) has been already used, duplicate ignored
<to be read again> 
                   \relax 
l.54 \chapter
             {Introduction} [1]pdfTeX warning (ext4): destination with the same
 identifier (name{page.2}) has been already used, duplicate ignored
<to be read again> 
                   \relax 
l.54 \chapter
             {Introduction} [2

]
LaTeX Font Info:    External font `cmex10' loaded for size
(Font)              <8> on input line 60.
LaTeX Font Info:    External font `cmex10' loaded for size
(Font)              <6> on input line 60.
 [3] [4] [5] [6] [7

]
<../figures/Diagram_4.pdf, id=215, 1008.09865pt x 587.82918pt>
File: ../figures/Diagram_4.pdf Graphic file (type pdf)

<use ../figures/Diagram_4.pdf>
Package pdftex.def Info: ../figures/Diagram_4.pdf used on input line 120.
(pdftex.def)             Requested size: 284.52756pt x 165.90956pt.


LaTeX Warning: `!h' float specifier changed to `!ht'.

[8] <../figures/Screenshot_19.pdf, id=225, 615.09799pt x 130.086pt>
File: ../figures/Screenshot_19.pdf Graphic file (type pdf)

<use ../figures/Screenshot_19.pdf>
Package pdftex.def Info: ../figures/Screenshot_19.pdf used on input line 133.
(pdftex.def)             Requested size: 227.62204pt x 48.13899pt.
 [9 <../figures/Diagram_4.pdf> <../figures/Screenshot_19.pdf

pdfTeX warning: pdflatex (file ../figures/Screenshot_19.pdf): PDF inclusion: mu
ltiple pdfs with page group included in a single page
>] [10] <../figures/Screenshot_0.pdf, id=273, 960.38799pt x 662.475pt>
File: ../figures/Screenshot_0.pdf Graphic file (type pdf)

<use ../figures/Screenshot_0.pdf>
Package pdftex.def Info: ../figures/Screenshot_0.pdf used on input line 165.
(pdftex.def)             Requested size: 284.52756pt x 196.26744pt.


LaTeX Warning: `!h' float specifier changed to `!ht'.

[11

] <../figures/Screenshot_1.pdf, id=284, 183.887pt x 139.722pt>
File: ../figures/Screenshot_1.pdf Graphic file (type pdf)

<use ../figures/Screenshot_1.pdf>
Package pdftex.def Info: ../figures/Screenshot_1.pdf used on input line 183.
(pdftex.def)             Requested size: 113.81102pt x 86.4775pt.

Underfull \vbox (badness 10000) has occurred while \output is active []

 [12 <../figures/Screenshot_0.pdf> <../figures/Screenshot_1.pdf

pdfTeX warning: pdflatex (file ../figures/Screenshot_1.pdf): PDF inclusion: mul
tiple pdfs with page group included in a single page
>] <../figures/Screenshot_2.pdf, id=300, 958.78201pt x 661.67201pt>
File: ../figures/Screenshot_2.pdf Graphic file (type pdf)

<use ../figures/Screenshot_2.pdf>
Package pdftex.def Info: ../figures/Screenshot_2.pdf used on input line 199.
(pdftex.def)             Requested size: 284.52756pt x 196.36272pt.

<../figures/Screenshot_3.pdf, id=301, 266.59601pt x 191.91699pt>
File: ../figures/Screenshot_3.pdf Graphic file (type pdf)

<use ../figures/Screenshot_3.pdf>
Package pdftex.def Info: ../figures/Screenshot_3.pdf used on input line 211.
(pdftex.def)             Requested size: 113.81102pt x 81.92822pt.


LaTeX Warning: `!h' float specifier changed to `!ht'.

[13 <../figures/Screenshot_2.pdf>]
<../figures/Screenshot_26.pdf, id=318, 400.697pt x 96.36pt>
File: ../figures/Screenshot_26.pdf Graphic file (type pdf)

<use ../figures/Screenshot_26.pdf>
Package pdftex.def Info: ../figures/Screenshot_26.pdf used on input line 224.
(pdftex.def)             Requested size: 170.71652pt x 41.05463pt.
 [14 <../figures/Screenshot_3.pdf>]
<../figures/Diagram_1.pdf, id=333, 1737.6085pt x 1294.78261pt>
File: ../figures/Diagram_1.pdf Graphic file (type pdf)

<use ../figures/Diagram_1.pdf>
Package pdftex.def Info: ../figures/Diagram_1.pdf used on input line 238.
(pdftex.def)             Requested size: 284.52756pt x 212.00986pt.


LaTeX Warning: `!h' float specifier changed to `!ht'.

[15 <../figures/Screenshot_26.pdf>]
<../figures/Screenshot_4.pdf, id=350, 958.78201pt x 661.67201pt>
File: ../figures/Screenshot_4.pdf Graphic file (type pdf)

<use ../figures/Screenshot_4.pdf>
Package pdftex.def Info: ../figures/Screenshot_4.pdf used on input line 258.
(pdftex.def)             Requested size: 284.52756pt x 196.36272pt.


LaTeX Warning: `!h' float specifier changed to `!ht'.

[16 <../figures/Diagram_1.pdf>] [17 <../figures/Screenshot_4.pdf>]
<../figures/Screenshot_5.pdf, id=378, 264.18701pt x 48.18pt>
File: ../figures/Screenshot_5.pdf Graphic file (type pdf)

<use ../figures/Screenshot_5.pdf>
Package pdftex.def Info: ../figures/Screenshot_5.pdf used on input line 280.
(pdftex.def)             Requested size: 113.81102pt x 20.75594pt.
 [18 <../figures/Screenshot_5.pdf>]
<../figures/Screenshot_10.pdf, id=391, 589.40201pt x 131.692pt>
File: ../figures/Screenshot_10.pdf Graphic file (type pdf)

<use ../figures/Screenshot_10.pdf>
Package pdftex.def Info: ../figures/Screenshot_10.pdf used on input line 307.
(pdftex.def)             Requested size: 227.62204pt x 50.8573pt.

<../figures/Screenshot_6.pdf, id=394, 187.099pt x 357.335pt>
File: ../figures/Screenshot_6.pdf Graphic file (type pdf)

<use ../figures/Screenshot_6.pdf>
Package pdftex.def Info: ../figures/Screenshot_6.pdf used on input line 319.
(pdftex.def)             Requested size: 113.81102pt x 217.3688pt.


LaTeX Warning: `!h' float specifier changed to `!ht'.

[19 <../figures/Screenshot_10.pdf>]
Overfull \hbox (16.46606pt too wide) in paragraph at lines 327--328
\T1/cmr/m/n/10 signed to in-ci-dents, \T1/cmr/bx/n/10 "In-ci-dent_Attributes_to
_Incidents_Edges.csv"\T1/cmr/m/n/10 ,
 []

[20 <../figures/Screenshot_6.pdf>]
Overfull \hbox (6.89618pt too wide) in paragraph at lines 331--332
\T1/cmr/m/n/10 signed to en-tity at-tributes, and \T1/cmr/bx/n/10 "En-tity_Attr
ibutes_to_Categories_
 []

[21] [22] [23

] [24]
<../figures/Diagram_3.pdf, id=462, 1690.6952pt x 684.05574pt>
File: ../figures/Diagram_3.pdf Graphic file (type pdf)

<use ../figures/Diagram_3.pdf>
Package pdftex.def Info: ../figures/Diagram_3.pdf used on input line 390.
(pdftex.def)             Requested size: 341.43306pt x 138.13432pt.


LaTeX Warning: `!h' float specifier changed to `!ht'.

[25] <../figures/Screenshot_7.pdf, id=475, 958.78201pt x 661.67201pt>
File: ../figures/Screenshot_7.pdf Graphic file (type pdf)

<use ../figures/Screenshot_7.pdf>
Package pdftex.def Info: ../figures/Screenshot_7.pdf used on input line 404.
(pdftex.def)             Requested size: 284.52756pt x 196.36272pt.


LaTeX Warning: `!h' float specifier changed to `!ht'.

<../figures/Screenshot_8.pdf, id=478, 684.95903pt x 290.686pt>
File: ../figures/Screenshot_8.pdf Graphic file (type pdf)

<use ../figures/Screenshot_8.pdf>
Package pdftex.def Info: ../figures/Screenshot_8.pdf used on input line 415.
(pdftex.def)             Requested size: 284.52756pt x 120.75218pt.


LaTeX Warning: `!h' float specifier changed to `!ht'.

[26 <../figures/Diagram_3.pdf>] [27 <../figures/Screenshot_7.pdf> <../figures/S
creenshot_8.pdf

pdfTeX warning: pdflatex (file ../figures/Screenshot_8.pdf): PDF inclusion: mul
tiple pdfs with page group included in a single page
>] <../figures/Screenshot_9.pdf, id=515, 951.47414pt x 149.55202pt>
File: ../figures/Screenshot_9.pdf Graphic file (type pdf)

<use ../figures/Screenshot_9.pdf>
Package pdftex.def Info: ../figures/Screenshot_9.pdf used on input line 432.
(pdftex.def)             Requested size: 284.52756pt x 44.7199pt.
 [28 <../figures/Screenshot_9.pdf>]
<../figures/Screenshot_11.pdf, id=533, 256.157pt x 265.79298pt>
File: ../figures/Screenshot_11.pdf Graphic file (type pdf)

<use ../figures/Screenshot_11.pdf>
Package pdftex.def Info: ../figures/Screenshot_11.pdf used on input line 466.
(pdftex.def)             Requested size: 113.81102pt x 118.08891pt.
 [29 <../figures/Screenshot_11.pdf>]
<../figures/Screenshot_12.pdf, id=547, 685.22662pt x 292.77866pt>
File: ../figures/Screenshot_12.pdf Graphic file (type pdf)

<use ../figures/Screenshot_12.pdf>
Package pdftex.def Info: ../figures/Screenshot_12.pdf used on input line 477.
(pdftex.def)             Requested size: 284.52756pt x 121.56789pt.
 [30 <../figures/Screenshot_12.pdf>]
<../figures/Screenshot_13.pdf, id=563, 961.19098pt x 660.86902pt>
File: ../figures/Screenshot_13.pdf Graphic file (type pdf)

<use ../figures/Screenshot_13.pdf>
Package pdftex.def Info: ../figures/Screenshot_13.pdf used on input line 493.
(pdftex.def)             Requested size: 284.52756pt x 195.62021pt.

<../figures/Screenshot_27.pdf, id=565, 958.78201pt x 658.46pt>
File: ../figures/Screenshot_27.pdf Graphic file (type pdf)

<use ../figures/Screenshot_27.pdf>
Package pdftex.def Info: ../figures/Screenshot_27.pdf used on input line 511.
(pdftex.def)             Requested size: 284.52756pt x 195.4095pt.


LaTeX Warning: `!h' float specifier changed to `!ht'.

[31 <../figures/Screenshot_13.pdf>]
<../figures/Screenshot_14.pdf, id=578, 961.19098pt x 660.86902pt>
File: ../figures/Screenshot_14.pdf Graphic file (type pdf)

<use ../figures/Screenshot_14.pdf>
Package pdftex.def Info: ../figures/Screenshot_14.pdf used on input line 525.
(pdftex.def)             Requested size: 284.52756pt x 195.62021pt.


LaTeX Warning: `!h' float specifier changed to `!ht'.

[32 <../figures/Screenshot_27.pdf>]
<../figures/Screenshot_15.pdf, id=590, 745.18402pt x 385.44pt>
File: ../figures/Screenshot_15.pdf Graphic file (type pdf)

<use ../figures/Screenshot_15.pdf>
Package pdftex.def Info: ../figures/Screenshot_15.pdf used on input line 539.
(pdftex.def)             Requested size: 284.52756pt x 147.17447pt.
 [33 <../figures/Screenshot_14.pdf> <../figures/Screenshot_15.pdf

pdfTeX warning: pdflatex (file ../figures/Screenshot_15.pdf): PDF inclusion: mu
ltiple pdfs with page group included in a single page
>] <../figures/Screenshot_16.pdf, id=604, 680.94403pt x 445.665pt>
File: ../figures/Screenshot_16.pdf Graphic file (type pdf)

<use ../figures/Screenshot_16.pdf>
Package pdftex.def Info: ../figures/Screenshot_16.pdf used on input line 553.
(pdftex.def)             Requested size: 284.52756pt x 186.21918pt.
 [34 <../figures/Screenshot_16.pdf>]
<../figures/Screenshot_17.pdf, id=619, 297.11pt x 277.035pt>
File: ../figures/Screenshot_17.pdf Graphic file (type pdf)

<use ../figures/Screenshot_17.pdf>
Package pdftex.def Info: ../figures/Screenshot_17.pdf used on input line 575.
(pdftex.def)             Requested size: 142.26378pt x 132.65823pt.
 [35 <../figures/Screenshot_17.pdf>]
<../figures/Screenshot_18.pdf, id=638, 737.15402pt x 379.016pt>
File: ../figures/Screenshot_18.pdf Graphic file (type pdf)

<use ../figures/Screenshot_18.pdf>
Package pdftex.def Info: ../figures/Screenshot_18.pdf used on input line 597.
(pdftex.def)             Requested size: 284.52756pt x 146.29463pt.

<../figures/Screenshot_20.pdf, id=640, 737.15402pt x 383.834pt>
File: ../figures/Screenshot_20.pdf Graphic file (type pdf)

<use ../figures/Screenshot_20.pdf>
Package pdftex.def Info: ../figures/Screenshot_20.pdf used on input line 608.
(pdftex.def)             Requested size: 284.52756pt x 148.1543pt.


LaTeX Warning: `!h' float specifier changed to `!ht'.

[36 <../figures/Screenshot_18.pdf>]
<../figures/Screenshot_21.pdf, id=653, 960.38799pt x 169.433pt>
File: ../figures/Screenshot_21.pdf Graphic file (type pdf)

<use ../figures/Screenshot_21.pdf>
Package pdftex.def Info: ../figures/Screenshot_21.pdf used on input line 622.
(pdftex.def)             Requested size: 284.52756pt x 50.19687pt.
 [37 <../figures/Screenshot_20.pdf> <../figures/Screenshot_21.pdf

pdfTeX warning: pdflatex (file ../figures/Screenshot_21.pdf): PDF inclusion: mu
ltiple pdfs with page group included in a single page
>] <../figures/Screenshot_22.pdf, id=670, 960.38799pt x 663.27798pt>
File: ../figures/Screenshot_22.pdf Graphic file (type pdf)

<use ../figures/Screenshot_22.pdf>
Package pdftex.def Info: ../figures/Screenshot_22.pdf used on input line 647.
(pdftex.def)             Requested size: 284.52756pt x 196.50533pt.


LaTeX Warning: `!h' float specifier changed to `!ht'.

<../figures/Screenshot_28.pdf, id=672, 961.99402pt x 659.26299pt>
File: ../figures/Screenshot_28.pdf Graphic file (type pdf)

<use ../figures/Screenshot_28.pdf>
Package pdftex.def Info: ../figures/Screenshot_28.pdf used on input line 661.
(pdftex.def)             Requested size: 284.52756pt x 194.98387pt.
 [38] [39 <../figures/Screenshot_22.pdf> <../figures/Screenshot_28.pdf

pdfTeX warning: pdflatex (file ../figures/Screenshot_28.pdf): PDF inclusion: mu
ltiple pdfs with page group included in a single page
>] [40

] <../figures/Diagram_5.pdf, id=703, 399.30797pt x 358.90321pt>
File: ../figures/Diagram_5.pdf Graphic file (type pdf)

<use ../figures/Diagram_5.pdf>
Package pdftex.def Info: ../figures/Diagram_5.pdf used on input line 676.
(pdftex.def)             Requested size: 227.62204pt x 204.59338pt.


LaTeX Warning: `!h' float specifier changed to `!ht'.

[41] [42 <../figures/Diagram_5.pdf>]
<../figures/Screenshot_23.pdf, id=736, 976.44798pt x 551.66098pt>
File: ../figures/Screenshot_23.pdf Graphic file (type pdf)

<use ../figures/Screenshot_23.pdf>
Package pdftex.def Info: ../figures/Screenshot_23.pdf used on input line 694.
(pdftex.def)             Requested size: 284.52756pt x 160.74359pt.

<../figures/Screenshot_25.pdf, id=738, 871.255pt x 381.425pt>
File: ../figures/Screenshot_25.pdf Graphic file (type pdf)

<use ../figures/Screenshot_25.pdf>
Package pdftex.def Info: ../figures/Screenshot_25.pdf used on input line 703.
(pdftex.def)             Requested size: 284.52756pt x 124.56111pt.

<../figures/Screenshot_24.pdf, id=740, 875.27pt x 436.83202pt>
File: ../figures/Screenshot_24.pdf Graphic file (type pdf)

<use ../figures/Screenshot_24.pdf>
Package pdftex.def Info: ../figures/Screenshot_24.pdf used on input line 712.
(pdftex.def)             Requested size: 284.52756pt x 142.00204pt.


LaTeX Warning: `!h' float specifier changed to `!ht'.

[43 <../figures/Screenshot_23.pdf> <../figures/Screenshot_25.pdf

pdfTeX warning: pdflatex (file ../figures/Screenshot_25.pdf): PDF inclusion: mu
ltiple pdfs with page group included in a single page
>] [44 <../figures/Screenshot_24.pdf>]
<../figures/Diagram_6.png, id=766, 2152.2006pt x 1439.6184pt>
File: ../figures/Diagram_6.png Graphic file (type png)

<use ../figures/Diagram_6.png>
Package pdftex.def Info: ../figures/Diagram_6.png used on input line 730.
(pdftex.def)             Requested size: 227.62204pt x 152.25174pt.
 [45 <../figures/Diagram_6.png>] [46

]
Overfull \hbox (4.4562pt too wide) in paragraph at lines 755--757
\T1/cmr/m/n/10 Github page (where I up-load source code): [][]$https : / / gith
ub . com / WouterSpekkink$[][] 
 []

[47]
\tf@toc=\write5
\openout5 = `Event_Coder_Manual.toc'.

Package atveryend Info: Empty hook `BeforeClearDocument' on input line 762.
Package atveryend Info: Empty hook `AfterLastShipout' on input line 762.
 (./Event_Coder_Manual.aux)
Package atveryend Info: Executing hook `AtVeryEndDocument' on input line 762.
Package atveryend Info: Executing hook `AtEndAfterFileList' on input line 762.
Package rerunfilecheck Info: File `Event_Coder_Manual.out' has not changed.
(rerunfilecheck)             Checksum: A31EC8D2B61BF7930A82E8932057024D;1667.
Package atveryend Info: Empty hook `AtVeryVeryEnd' on input line 762.
 ) 
Here is how much of TeX's memory you used:
 9800 strings out of 493029
 141430 string characters out of 6136235
 265206 words of memory out of 5000000
 13066 multiletter control sequences out of 15000+600000
 19884 words of font info for 40 fonts, out of 8000000 for 9000
 1141 hyphenation exceptions out of 8191
 32i,12n,45p,2195b,452s stack positions out of 5000i,500n,10000p,200000b,80000s
{/usr/share/texmf/fonts/enc/dvips/cm-super/cm-super-t1.enc}</usr/share/texliv
e/texmf-dist/fonts/type1/public/amsfonts/cm/cmmi10.pfb></usr/share/texlive/texm
f-dist/fonts/type1/public/amsfonts/cm/cmmi8.pfb></usr/share/texlive/texmf-dist/
fonts/type1/public/amsfonts/cm/cmr10.pfb></usr/share/texlive/texmf-dist/fonts/t
ype1/public/amsfonts/cm/cmr8.pfb></usr/share/texlive/texmf-dist/fonts/type1/pub
lic/amsfonts/cm/cmsy10.pfb></usr/share/texlive/texmf-dist/fonts/type1/public/am
sfonts/cm/cmsy8.pfb></usr/share/texmf/fonts/type1/public/cm-super/sfbi1000.pfb>
</usr/share/texmf/fonts/type1/public/cm-super/sfbx1000.pfb></usr/share/texmf/fo
nts/type1/public/cm-super/sfbx1095.pfb></usr/share/texmf/fonts/type1/public/cm-
super/sfbx1200.pfb></usr/share/texmf/fonts/type1/public/cm-super/sfbx1728.pfb><
/usr/share/texmf/fonts/type1/public/cm-super/sfbx2074.pfb></usr/share/texmf/fon
ts/type1/public/cm-super/sfcc1095.pfb></usr/share/texmf/fonts/type1/public/cm-s
uper/sfcc1440.pfb></usr/share/texmf/fonts/type1/public/cm-super/sfrm0600.pfb></
usr/share/texmf/fonts/type1/public/cm-super/sfrm0700.pfb></usr/share/texmf/font
s/type1/public/cm-super/sfrm0800.pfb></usr/share/texmf/fonts/type1/public/cm-su
per/sfrm1000.pfb></usr/share/texmf/fonts/type1/public/cm-super/sfti0800.pfb></u
sr/share/texmf/fonts/type1/public/cm-super/sfti1000.pfb>
Output written on Event_Coder_Manual.pdf (49 pages, 2721900 bytes).
PDF statistics:
 891 PDF objects out of 1000 (max. 8388607)
 730 compressed objects within 8 object streams
 167 named destinations out of 1000 (max. 500000)
 379 words of extra memory for PDF output out of 10000 (max. 10000000)

